<?xml version="1.0" encoding="UTF-8"?>
<testng-results ignored="0" total="1" passed="1" failed="0" skipped="0">
  <reporter-output>
  </reporter-output>
  <suite started-at="2023-03-13T23:09:44 IST" name="Default suite" finished-at="2023-03-13T23:10:06 IST" duration-ms="22028">
    <groups>
    </groups>
    <test started-at="2023-03-13T23:09:44 IST" name="Default test" finished-at="2023-03-13T23:10:06 IST" duration-ms="22028">
      <class name="com.TestCases.TC001_SearchDataAndGoToPurchasePage">
        <test-method is-config="true" signature="setup()[pri:0, instance:com.TestCases.TC001_SearchDataAndGoToPurchasePage@16d04d3d]" started-at="2023-03-13T23:09:38 IST" name="setup" finished-at="2023-03-13T23:09:44 IST" duration-ms="5921" status="PASS">
          <reporter-output>
          </reporter-output>
        </test-method> <!-- setup -->
        <test-method signature="TC001_TestCase()[pri:0, instance:com.TestCases.TC001_SearchDataAndGoToPurchasePage@16d04d3d]" started-at="2023-03-13T23:09:44 IST" name="TC001_TestCase" finished-at="2023-03-13T23:10:06 IST" duration-ms="22000" status="PASS">
          <reporter-output>
          </reporter-output>
        </test-method> <!-- TC001_TestCase -->
        <test-method is-config="true" signature="tearDown()[pri:0, instance:com.TestCases.TC001_SearchDataAndGoToPurchasePage@16d04d3d]" started-at="2023-03-13T23:10:06 IST" name="tearDown" finished-at="2023-03-13T23:10:06 IST" duration-ms="0" status="PASS">
          <reporter-output>
          </reporter-output>
        </test-method> <!-- tearDown -->
      </class> <!-- com.TestCases.TC001_SearchDataAndGoToPurchasePage -->
    </test> <!-- Default test -->
  </suite> <!-- Default suite -->
</testng-results>
